[debug] [2019-06-18T19:45:04.893Z] ----------------------------------------------------------------------
[debug] [2019-06-18T19:45:04.895Z] Command:       /Users/ericmcconkie/.nvm/versions/node/v8.16.0/bin/node /Users/ericmcconkie/.nvm/versions/node/v8.16.0/bin/firebase serve --only functions
[debug] [2019-06-18T19:45:04.895Z] CLI Version:   6.10.0
[debug] [2019-06-18T19:45:04.895Z] Platform:      darwin
[debug] [2019-06-18T19:45:04.895Z] Node Version:  v8.16.0
[debug] [2019-06-18T19:45:04.896Z] Time:          Tue Jun 18 2019 12:45:04 GMT-0700 (PDT)
[debug] [2019-06-18T19:45:04.896Z] ----------------------------------------------------------------------
[debug] 
[debug] [2019-06-18T19:45:04.906Z] > command requires scopes: ["email","openid","https://www.googleapis.com/auth/cloudplatformprojects.readonly","https://www.googleapis.com/auth/firebase","https://www.googleapis.com/auth/cloud-platform"]
[debug] [2019-06-18T19:45:04.906Z] > authorizing via FIREBASE_TOKEN environment variable
[debug] [2019-06-18T19:45:04.907Z] [iam] checking project stravafordogsdev for permissions ["firebase.projects.get"]
[debug] [2019-06-18T19:45:04.907Z] > refreshing access token with scopes: ["email","openid","https://www.googleapis.com/auth/cloudplatformprojects.readonly","https://www.googleapis.com/auth/firebase","https://www.googleapis.com/auth/cloud-platform"]
[debug] [2019-06-18T19:45:04.908Z] >>> HTTP REQUEST POST https://www.googleapis.com/oauth2/v3/token  
 <request body omitted>
[debug] [2019-06-18T19:45:05.061Z] <<< HTTP RESPONSE 200
[debug] [2019-06-18T19:45:05.063Z] >>> HTTP REQUEST POST https://cloudresourcemanager.googleapis.com/v1/projects/stravafordogsdev:testIamPermissions  

[debug] [2019-06-18T19:45:05.297Z] <<< HTTP RESPONSE 200
[debug] [2019-06-18T19:45:05.299Z] >>> HTTP REQUEST GET https://cloudresourcemanager.googleapis.com/v1/projects/stravafordogsdev  
 
[debug] [2019-06-18T19:45:05.446Z] <<< HTTP RESPONSE 200
[info] ✔  functions: Using node@8 from host.
[debug] [2019-06-18T19:45:05.459Z] >>> HTTP REQUEST GET https://mobilesdk-pa.googleapis.com/v1/projects/499826151490:getServerAppConfig  
 
[debug] [2019-06-18T19:45:05.649Z] <<< HTTP RESPONSE 200
[info] ✔  functions: Emulator started at http://localhost:5000
[info] i  functions: Watching "/Users/ericmcconkie/Documents/personal/projects/sites/strava-sandbox/functions" for Cloud Functions...
[debug] [2019-06-18T19:45:05.917Z] Functions runtime initialized.
[debug] [2019-06-18T19:45:05.917Z] Disabled runtime features: {"functions_config_helper":true,"network_filtering":true,"timeout":true,"memory_limiting":true,"protect_env":true,"admin_stubs":true}
[debug] [2019-06-18T19:45:06.483Z] firebase-admin has been stubbed.
[info] i  Your code has been provided a "firebase-admin" instance.
[info] i  functions: HTTP trigger initialized at http://localhost:5000/stravafordogsdev/us-central1/api
[debug] [2019-06-19T17:29:44.903Z] Accepted request GET /stravafordogsdev/us-central1/api/user/refresh --> api
[debug] [2019-06-19T17:29:45.490Z] Functions runtime initialized.
[info] i  functions: Beginning execution of "api"
[debug] [2019-06-19T17:29:45.492Z] Disabled runtime features: {"functions_config_helper":true,"network_filtering":true,"timeout":true,"memory_limiting":true,"protect_env":true,"admin_stubs":true}
[debug] [2019-06-19T17:29:46.067Z] firebase-admin has been stubbed.
[info] i  Your code has been provided a "firebase-admin" instance.
[debug] [2019-06-19T17:29:46.356Z] Trigger "api" has been found, beginning invocation!
[debug] [2019-06-19T17:29:46.356Z] 
[debug] [2019-06-19T17:29:46.356Z] Running api in mode HTTPS
[debug] [2019-06-19T17:29:46.363Z] {"socketPath":"/var/folders/7n/k2h7pms17t35j5c4wbk6xrdh0000gp/T/firebase_emulator_invocation_60968.sock"}
[debug] [2019-06-19T17:29:46.365Z] [functions] Runtime ready! Sending request! {"socketPath":"/var/folders/7n/k2h7pms17t35j5c4wbk6xrdh0000gp/T/firebase_emulator_invocation_60968.sock"}
[debug] [2019-06-19T17:29:46.371Z] Ephemeral server used!
[info] >  API incomping request: /user/refresh
[debug] [2019-06-19T17:29:46.626Z] Ephemeral server survived.
[info] i  functions: Finished "api" in ~1s
[debug] [2019-06-19T17:29:48.313Z] Accepted request GET /stravafordogsdev/us-central1/api/user/dogs --> api
[debug] [2019-06-19T17:29:49.037Z] Functions runtime initialized.
[info] i  functions: Beginning execution of "api"
[debug] [2019-06-19T17:29:49.038Z] Disabled runtime features: {"functions_config_helper":true,"network_filtering":true,"timeout":true,"memory_limiting":true,"protect_env":true,"admin_stubs":true}
[debug] [2019-06-19T17:29:49.060Z] Accepted request GET /stravafordogsdev/us-central1/api/user/refresh --> api
[debug] [2019-06-19T17:29:49.317Z] Functions runtime initialized.
[info] i  functions: Beginning execution of "api"
[debug] [2019-06-19T17:29:49.318Z] Disabled runtime features: {"functions_config_helper":true,"network_filtering":true,"timeout":true,"memory_limiting":true,"protect_env":true,"admin_stubs":true}
[debug] [2019-06-19T17:29:49.553Z] firebase-admin has been stubbed.
[info] i  Your code has been provided a "firebase-admin" instance.
[debug] [2019-06-19T17:29:49.726Z] Trigger "api" has been found, beginning invocation!
[debug] [2019-06-19T17:29:49.726Z] 
[debug] [2019-06-19T17:29:49.726Z] Running api in mode HTTPS
[debug] [2019-06-19T17:29:49.734Z] {"socketPath":"/var/folders/7n/k2h7pms17t35j5c4wbk6xrdh0000gp/T/firebase_emulator_invocation_60975.sock"}
[debug] [2019-06-19T17:29:49.734Z] [functions] Runtime ready! Sending request! {"socketPath":"/var/folders/7n/k2h7pms17t35j5c4wbk6xrdh0000gp/T/firebase_emulator_invocation_60975.sock"}
[debug] [2019-06-19T17:29:49.745Z] Ephemeral server used!
[info] >  API incomping request: /user/dogs
[debug] [2019-06-19T17:29:49.826Z] firebase-admin has been stubbed.
[debug] [2019-06-19T17:29:49.906Z] Ephemeral server survived.
[info] i  Your code has been provided a "firebase-admin" instance.
[debug] [2019-06-19T17:29:50.010Z] Trigger "api" has been found, beginning invocation!
[debug] [2019-06-19T17:29:50.010Z] 
[debug] [2019-06-19T17:29:50.011Z] Running api in mode HTTPS
[debug] [2019-06-19T17:29:50.019Z] {"socketPath":"/var/folders/7n/k2h7pms17t35j5c4wbk6xrdh0000gp/T/firebase_emulator_invocation_60977.sock"}
[debug] [2019-06-19T17:29:50.019Z] [functions] Runtime ready! Sending request! {"socketPath":"/var/folders/7n/k2h7pms17t35j5c4wbk6xrdh0000gp/T/firebase_emulator_invocation_60977.sock"}
[debug] [2019-06-19T17:29:50.029Z] Ephemeral server used!
[info] >  API incomping request: /user/refresh
[debug] [2019-06-19T17:29:50.194Z] Ephemeral server survived.
[info] i  functions: Finished "api" in ~1s
[info] i  functions: Finished "api" in ~1s
[debug] [2019-06-19T17:29:51.837Z] Accepted request GET /stravafordogsdev/us-central1/api/user/dogs --> api
[debug] [2019-06-19T17:29:52.095Z] Functions runtime initialized.
[info] i  functions: Beginning execution of "api"
[debug] [2019-06-19T17:29:52.096Z] Disabled runtime features: {"functions_config_helper":true,"network_filtering":true,"timeout":true,"memory_limiting":true,"protect_env":true,"admin_stubs":true}
[debug] [2019-06-19T17:29:52.604Z] firebase-admin has been stubbed.
[info] i  Your code has been provided a "firebase-admin" instance.
[debug] [2019-06-19T17:29:52.791Z] Trigger "api" has been found, beginning invocation!
[debug] [2019-06-19T17:29:52.791Z] 
[debug] [2019-06-19T17:29:52.791Z] Running api in mode HTTPS
[debug] [2019-06-19T17:29:52.798Z] {"socketPath":"/var/folders/7n/k2h7pms17t35j5c4wbk6xrdh0000gp/T/firebase_emulator_invocation_60994.sock"}
[debug] [2019-06-19T17:29:52.799Z] [functions] Runtime ready! Sending request! {"socketPath":"/var/folders/7n/k2h7pms17t35j5c4wbk6xrdh0000gp/T/firebase_emulator_invocation_60994.sock"}
[debug] [2019-06-19T17:29:52.810Z] Ephemeral server used!
[info] >  API incomping request: /user/dogs
[debug] [2019-06-19T17:29:53.006Z] Ephemeral server survived.
[info] i  functions: Finished "api" in ~1s
